#
# There is insufficient memory for the Java Runtime Environment to continue.
# Native memory allocation (mmap) failed to map 134217728 bytes for G1 virtual space
# Possible reasons:
#   The system is out of physical RAM or swap space
#   The process is running with CompressedOops enabled, and the Java Heap may be blocking the growth of the native heap
# Possible solutions:
#   Reduce memory load on the system
#   Increase physical memory or swap space
#   Check if swap backing store is full
#   Decrease Java heap size (-Xmx/-Xms)
#   Decrease number of Java threads
#   Decrease Java thread stack sizes (-Xss)
#   Set larger code cache with -XX:ReservedCodeCacheSize=
#   JVM is running with Unscaled Compressed Oops mode in which the Java heap is
#     placed in the first 4GB address space. The Java Heap base address is the
#     maximum limit for the native heap growth. Please use -XX:HeapBaseMinAddress
#     to set the Java Heap base and to place the Java Heap above 4GB virtual address.
# This output file may be truncated or incomplete.
#
#  Out of Memory Error (os_windows.cpp:3536), pid=7208, tid=24744
#
# JRE version:  (19.0.2+7) (build )
# Java VM: Java HotSpot(TM) 64-Bit Server VM (19.0.2+7-44, mixed mode, sharing, tiered, compressed oops, compressed class ptrs, g1 gc, windows-amd64)
# No core dump will be written. Minidumps are not enabled by default on client versions of Windows
#

---------------  S U M M A R Y ------------

Command Line: -Dfile.encoding=UTF-8 -XX:+ShowCodeDetailsInExceptionMessages WinMain

Host: Intel(R) Core(TM) i7-2600 CPU @ 3.40GHz, 8 cores, 7G,  Windows 10 , 64 bit Build 19041 (10.0.19041.2364)
Time: Tue Jan 31 16:16:56 2023  Windows 10 , 64 bit Build 19041 (10.0.19041.2364) elapsed time: 0.039515 seconds (0d 0h 0m 0s)

---------------  T H R E A D  ---------------

Current thread (0x0000022d1881a7a0):  JavaThread "Unknown thread" [_thread_in_vm, id=24744, stack(0x0000006774300000,0x0000006774400000)]

Stack: [0x0000006774300000,0x0000006774400000]
Native frames: (J=compiled Java code, j=interpreted, Vv=VM code, C=native code)
V  [jvm.dll+0x6ee21a]
V  [jvm.dll+0x85765e]
V  [jvm.dll+0x85904e]
V  [jvm.dll+0x859703]
V  [jvm.dll+0x28298f]
V  [jvm.dll+0x6eb009]
V  [jvm.dll+0x6dfbaa]
V  [jvm.dll+0x3573f6]
V  [jvm.dll+0x35ee56]
V  [jvm.dll+0x3b541e]
V  [jvm.dll+0x3b564f]
V  [jvm.dll+0x32c9ea]
V  [jvm.dll+0x32d89e]
V  [jvm.dll+0x821780]
V  [jvm.dll+0x3c2661]
V  [jvm.dll+0x801f51]
V  [jvm.dll+0x44ae8f]
V  [jvm.dll+0x44c811]
C  [jli.dll+0x5287]
C  [ucrtbase.dll+0x21bb2]
C  [KERNEL32.DLL+0x17614]
C  [ntdll.dll+0x526a1]


---------------  P R O C E S S  ---------------

Threads class SMR info:
_java_thread_list=0x00007fffa18bd048, length=0, elements={
}

Java Threads: ( => current thread )

Other Threads:
  0x0000022d1887aff0 WorkerThread "GC Thread#0" [stack: 0x0000006774400000,0x0000006774500000] [id=22072]
  0x0000022d1888c4e0 ConcurrentGCThread "G1 Main Marker" [stack: 0x0000006774500000,0x0000006774600000] [id=16724]
  0x0000022d1888ce20 WorkerThread "G1 Conc#0" [stack: 0x0000006774600000,0x0000006774700000] [id=8868]

[error occurred during error reporting (printing all threads), id 0xc0000005, EXCEPTION_ACCESS_VIOLATION (0xc0000005) at pc=0x00007fffa107d427]

VM state: not at safepoint (not fully initialized)

VM Mutex/Monitor currently owned by a thread:  ([mutex/lock_event])
[0x0000022d18815dd0] Heap_lock - owner thread: 0x0000022d1881a7a0

Heap address: 0x0000000081600000, size: 2026 MB, Compressed Oops mode: 32-bit

CDS archive(s) mapped at: [0x0000000000000000-0x0000000000000000-0x0000000000000000), size 0, SharedBaseAddress: 0x0000000800000000, ArchiveRelocationMode: 0.
Narrow klass base: 0x0000000000000000, Narrow klass shift: 0, Narrow klass range: 0x0

GC Precious Log:
 CardTable entry size: 512
 Card Set container configuration: InlinePtr #cards 5 size 8 Array Of Cards #cards 12 size 40 Howl #buckets 4 coarsen threshold 1843 Howl Bitmap #cards 512 size 80 coarsen threshold 460 Card regions per heap region 1 cards per card region 2048

Heap:
 garbage-first heap   total 0K, used 0K [0x0000000081600000, 0x0000000100000000)
  region size 1024K, 0 young (0K), 0 survivors (0K)

[error occurred during error reporting (printing heap information), id 0xc0000005, EXCEPTION_ACCESS_VIOLATION (0xc0000005) at pc=0x00007fffa1486649]

GC Heap History (0 events):
No events

Dll operation events (1 events):
Event: 0.029 Loaded shared library C:\Program Files\Java\jdk-19\bin\java.dll

Deoptimization events (0 events):
No events

Classes loaded (0 events):
No events

Classes unloaded (0 events):
No events

Classes redefined (0 events):
No events

Internal exceptions (0 events):
No events

VM Operations (0 events):
No events

Events (0 events):
No events


Dynamic libraries:
0x00007ff71e9d0000 - 0x00007ff71e9e0000 	C:\Program Files\Java\jdk-19\bin\javaw.exe
0x00007ff8178f0000 - 0x00007ff817ae8000 	C:\WINDOWS\SYSTEM32\ntdll.dll
0x00007ff816bd0000 - 0x00007ff816c8f000 	C:\WINDOWS\System32\KERNEL32.DLL
0x00007ff8155b0000 - 0x00007ff815882000 	C:\WINDOWS\System32\KERNELBASE.dll
0x00007ff815170000 - 0x00007ff815270000 	C:\WINDOWS\System32\ucrtbase.dll
0x00007ffff7840000 - 0x00007ffff7858000 	C:\Program Files\Java\jdk-19\bin\jli.dll
0x00007fffed8f0000 - 0x00007fffed90b000 	C:\Program Files\Java\jdk-19\bin\VCRUNTIME140.dll
0x00007ff815ab0000 - 0x00007ff815b5e000 	C:\WINDOWS\System32\ADVAPI32.dll
0x00007ff817010000 - 0x00007ff8170ae000 	C:\WINDOWS\System32\msvcrt.dll
0x00007ff816e90000 - 0x00007ff816f2c000 	C:\WINDOWS\System32\sechost.dll
0x00007ff817520000 - 0x00007ff817645000 	C:\WINDOWS\System32\RPCRT4.dll
0x00007ff816640000 - 0x00007ff8167e1000 	C:\WINDOWS\System32\USER32.dll
0x00007ff815530000 - 0x00007ff815552000 	C:\WINDOWS\System32\win32u.dll
0x00007ff815d10000 - 0x00007ff815d3b000 	C:\WINDOWS\System32\GDI32.dll
0x00007ff815420000 - 0x00007ff81552f000 	C:\WINDOWS\System32\gdi32full.dll
0x00007ff815890000 - 0x00007ff81592d000 	C:\WINDOWS\System32\msvcp_win.dll
0x00007ff808ed0000 - 0x00007ff80916a000 	C:\WINDOWS\WinSxS\amd64_microsoft.windows.common-controls_6595b64144ccf1df_6.0.19041.1110_none_60b5254171f9507e\COMCTL32.dll
0x00007ff80ebc0000 - 0x00007ff80ebca000 	C:\WINDOWS\SYSTEM32\VERSION.dll
0x00007ff815a50000 - 0x00007ff815a82000 	C:\WINDOWS\System32\IMM32.DLL
0x00007ff80ed50000 - 0x00007ff80ed5c000 	C:\Program Files\Java\jdk-19\bin\vcruntime140_1.dll
0x00007fffaa300000 - 0x00007fffaa38e000 	C:\Program Files\Java\jdk-19\bin\msvcp140.dll
0x00007fffa0d40000 - 0x00007fffa1a00000 	C:\Program Files\Java\jdk-19\bin\server\jvm.dll
0x00007ff806a60000 - 0x00007ff806a69000 	C:\WINDOWS\SYSTEM32\WSOCK32.dll
0x00007ff815ca0000 - 0x00007ff815d0b000 	C:\WINDOWS\System32\WS2_32.dll
0x00007ff805520000 - 0x00007ff805547000 	C:\WINDOWS\SYSTEM32\WINMM.dll
0x00007ff812de0000 - 0x00007ff812df2000 	C:\WINDOWS\SYSTEM32\kernel.appcore.dll
0x00007ffff92a0000 - 0x00007ffff92aa000 	C:\Program Files\Java\jdk-19\bin\jimage.dll
0x00007ff80dbc0000 - 0x00007ff80dda4000 	C:\WINDOWS\SYSTEM32\DBGHELP.DLL
0x00007ff80d7a0000 - 0x00007ff80d7d5000 	C:\WINDOWS\SYSTEM32\dbgcore.DLL
0x00007ff815320000 - 0x00007ff8153a2000 	C:\WINDOWS\System32\bcryptPrimitives.dll
0x00007fffd12f0000 - 0x00007fffd1316000 	C:\Program Files\Java\jdk-19\bin\java.dll

dbghelp: loaded successfully - version: 4.0.5 - missing functions: none
symbol engine: initialized successfully - sym options: 0x614 - pdb path: .;C:\Program Files\Java\jdk-19\bin;C:\WINDOWS\SYSTEM32;C:\WINDOWS\WinSxS\amd64_microsoft.windows.common-controls_6595b64144ccf1df_6.0.19041.1110_none_60b5254171f9507e;C:\Program Files\Java\jdk-19\bin\server

VM Arguments:
jvm_args: -Dfile.encoding=UTF-8 -XX:+ShowCodeDetailsInExceptionMessages 
java_command: WinMain
java_class_path (initial): D:\Project\TestScoreProject\bin;C:\Program Files (x86)\MySQL\Connector J 8.0\mysql-connector-j-8.0.31.jar
Launcher Type: SUN_STANDARD

[Global flags]
     intx CICompilerCount                          = 4                                         {product} {ergonomic}
     uint ConcGCThreads                            = 2                                         {product} {ergonomic}
     uint G1ConcRefinementThreads                  = 8                                         {product} {ergonomic}
   size_t G1HeapRegionSize                         = 1048576                                   {product} {ergonomic}
    uintx GCDrainStackTargetSize                   = 64                                        {product} {ergonomic}
   size_t InitialHeapSize                          = 134217728                                 {product} {ergonomic}
   size_t MarkStackSize                            = 4194304                                   {product} {ergonomic}
   size_t MaxHeapSize                              = 2124414976                                {product} {ergonomic}
   size_t MinHeapDeltaBytes                        = 1048576                                   {product} {ergonomic}
   size_t MinHeapSize                              = 8388608                                   {product} {ergonomic}
    uintx NonNMethodCodeHeapSize                   = 5839372                                {pd product} {ergonomic}
    uintx NonProfiledCodeHeapSize                  = 122909434                              {pd product} {ergonomic}
    uintx ProfiledCodeHeapSize                     = 122909434                              {pd product} {ergonomic}
    uintx ReservedCodeCacheSize                    = 251658240                              {pd product} {ergonomic}
     bool SegmentedCodeCache                       = true                                      {product} {ergonomic}
     bool ShowCodeDetailsInExceptionMessages       = true                                   {manageable} {command line}
   size_t SoftMaxHeapSize                          = 2124414976                             {manageable} {ergonomic}
     bool UseCompressedClassPointers               = true                           {product lp64_product} {ergonomic}
     bool UseCompressedOops                        = true                           {product lp64_product} {ergonomic}
     bool UseG1GC                                  = true                                      {product} {ergonomic}
     bool UseLargePagesIndividualAllocation        = false                                  {pd product} {ergonomic}

Logging:
Log output configuration:
 #0: stdout all=warning uptime,level,tags foldmultilines=false
 #1: stderr all=off uptime,level,tags foldmultilines=false

Environment Variables:
JAVA_HOME=C:\Program Files\Java\jdk-18.0.2
PATH=C:\Program Files\Common Files\Oracle\Java\javapath;C:\DB_source\WINDOWS.X64_193000_db_home\bin;C:\Program Files (x86)\NAT Service;C:\Program Files (x86)\Common Files\Intel\Shared Libraries\redist\intel64\compiler;C:\WINDOWS\system32;C:\WINDOWS;C:\WINDOWS\System32\Wbem;C:\WINDOWS\System32\WindowsPowerShell\v1.0\;C:\WINDOWS\System32\OpenSSH\;C:\Program Files\MySQL\MySQL Server 8.0\bin;C:\Program Files\MySQL\MySQL Server 8.0\bin;C:\Program Files\Git\cmd;C:\Program Files\MySQL\MySQL Shell 8.0\bin\;C:\Users\ICI\AppData\Local\Microsoft\WindowsApps;;C:\Users\ICI\AppData\Local\Programs\Microsoft VS Code\bin
USERNAME=ICI
OS=Windows_NT
PROCESSOR_IDENTIFIER=Intel64 Family 6 Model 42 Stepping 7, GenuineIntel
TMP=C:\Users\ICI\AppData\Local\Temp
TEMP=C:\Users\ICI\AppData\Local\Temp



---------------  S Y S T E M  ---------------

OS:
 Windows 10 , 64 bit Build 19041 (10.0.19041.2364)
OS uptime: 12 days 7:48 hours

CPU: total 8 (initial active 8) (4 cores per cpu, 2 threads per core) family 6 model 42 stepping 7 microcode 0x2f, cx8, cmov, fxsr, ht, mmx, sse, sse2, sse3, ssse3, sse4.1, sse4.2, popcnt, tsc, tscinvbit, avx, aes, clmul, vzeroupper, clflush, rdtscp

Memory: 4k page, system-wide physical 8102M (1998M free)
TotalPageFile size 32678M (AvailPageFile size 70M)
current process WorkingSet (physical memory assigned to process): 10M, peak: 10M
current process commit charge ("private bytes"): 60M, peak: 188M

vm_info: Java HotSpot(TM) 64-Bit Server VM (19.0.2+7-44) for windows-amd64 JRE (19.0.2+7-44), built on 2022-11-30T18:02:09Z by "mach5one" with MS VC++ 17.1 (VS2022)

END.
